0 8 0
0 9 1
0 9 19
0 10 0
0 10 2
0 11 6
0 13 6
0 18 14
0 18 16
0 19 15
1 12 10
1 19 14
1 19 16
2 0 6
2 1 7
2 6 9
2 6 14
2 6 16
2 7 10
2 8 7
2 12 4
2 12 9
2 12 11
2 14 13
2 15 12
2 16 18
2 17 7
2 17 12
2 18 18
2 19 19
3 0 14
3 1 6
3 9 7
3 11 9
3 12 10
3 13 4
3 13 9
3 14 12
3 16 19
3 17 6
3 17 18
3 18 7
3 18 19
4 6 14
4 6 16
4 10 9
4 11 8
4 11 10
4 11 14
4 14 9
4 16 19
4 17 0
4 18 7
4 19 8
4 19 14
5 1 5
5 3 5
5 10 8
5 11 9
5 11 13
5 12 5
5 12 10
5 13 9
5 14 10
5 16 0
5 17 19
5 18 0
6 0 5
6 2 5
6 13 5
6 17 0
7 1 5
7 3 5
7 4 16
7 9 0
7 12 0
7 12 10
7 14 3
7 14 10
7 15 11
7 16 15
7 17 13
7 19 17
8 0 12
8 3 13
8 3 15
8 4 14
8 7 2
8 8 15
8 9 1
8 11 0
8 12 11
8 13 0
8 13 7
8 13 10
8 14 2
8 14 11
8 15 15
8 16 7
8 17 8
9 0 13
9 0 18
9 1 17
9 4 13
9 4 15
9 7 15
9 8 2
9 9 0
9 9 15
9 14 3
9 14 7
10 4 12
10 5 4
10 10 5
10 14 17
10 15 6
10 15 16
10 18 7
11 5 12
11 6 4
11 7 15
11 9 15
11 10 6
11 14 16
11 15 5
11 15 17
11 18 8
12 0 5
12 0 14
12 0 16
12 2 7
12 2 14
12 2 16
12 3 15
12 4 7
12 4 14
12 5 13
12 6 14
12 7 13
12 8 0
12 11 7
12 12 6
12 12 8
12 12 10
12 13 4
12 13 9
12 14 3
12 14 9
12 14 17
12 15 16
12 15 18
12 16 17
12 17 9
12 18 5
12 19 4
13 0 2
13 0 4
13 1 14
13 2 8
13 3 7
13 3 13
13 3 14
13 4 3
13 4 8
13 4 14
13 5 14
13 7 0
13 7 19
13 8 0
13 10 17
13 10 19
13 12 7
13 13 8
13 14 9
13 14 14
13 14 18
13 16 17
13 16 18
13 17 16
13 18 4
13 19 3
14 0 1
14 0 3
14 0 6
14 0 14
14 1 13
14 4 4
14 10 18
14 12 8
14 12 10
14 13 9
14 13 14
14 14 10
14 15 14
14 16 16
14 17 17
14 18 6
14 18 17
14 19 5
14 19 18
15 1 16
15 2 15
15 2 17
15 3 16
15 6 14
15 6 16
15 7 15
15 18 13
15 19 12
16 1 15
16 1 17
16 3 17
16 4 16
16 7 14
16 7 16
16 8 2
16 8 15
16 9 3
16 13 15
16 14 14
16 15 12
16 15 15
16 16 13
16 18 12
16 19 13
17 1 4
17 2 0
17 2 15
17 2 18
17 3 14
17 3 15
17 3 16
17 3 19
17 4 13
17 5 0
17 11 7
17 12 6
17 13 14
17 14 15
17 15 6
17 15 10
17 15 13
17 15 14
17 16 12
17 18 13
17 19 12
18 2 14
18 3 13
18 3 14
18 3 15
18 4 0
18 4 16
18 6 0
18 8 0
18 10 6
18 12 7
18 13 6
18 13 17
18 14 16
18 15 9
18 15 17
18 18 0
19 7 0
19 9 0
19 10 7
19 11 7
19 17 0
