0 9 0
0 9 2
0 10 1
0 10 19
0 12 6
0 18 15
1 3 6
1 9 15
1 12 9
1 12 11
1 17 12
1 18 14
1 18 16
1 19 15
2 0 7
2 6 10
2 6 15
2 7 9
2 9 7
2 12 10
2 13 4
2 14 12
2 16 12
2 16 19
2 17 6
2 17 18
2 18 7
2 18 19
2 19 6
3 0 6
3 1 7
3 4 13
3 6 14
3 6 16
3 8 7
3 12 4
3 12 9
3 14 13
3 17 19
3 18 6
3 19 7
3 19 14
3 19 19
4 0 14
4 1 14
4 6 15
4 10 8
4 11 9
4 11 13
4 12 10
4 13 9
4 14 10
4 16 0
4 18 8
4 19 7
5 0 5
5 2 5
5 2 18
5 10 4
5 10 9
5 11 14
5 13 5
5 13 10
5 16 19
5 17 0
6 1 5
6 3 5
6 4 16
6 5 13
6 7 18
6 12 5
6 17 13
6 18 0
6 19 17
7 0 5
7 2 5
7 4 2
7 4 17
7 9 1
7 11 0
7 12 11
7 13 0
7 13 10
7 14 2
7 14 11
7 15 15
7 16 13
7 18 17
8 0 13
8 2 0
8 3 14
8 8 2
8 9 0
8 9 15
8 12 0
8 12 10
8 13 11
8 14 3
8 14 7
8 15 11
8 16 8
8 16 15
8 17 7
9 0 12
9 0 17
9 1 18
9 3 10
9 3 13
9 3 15
9 4 14
9 7 2
9 8 15
9 9 1
9 13 7
9 14 2
9 18 4
10 5 12
10 6 4
10 7 15
10 9 15
10 10 6
10 15 5
10 15 17
10 18 8
11 4 12
11 5 4
11 8 15
11 10 5
11 12 6
11 14 9
11 14 17
11 15 6
11 15 16
11 17 9
11 18 7
12 0 15
12 1 14
12 1 16
12 2 8
12 2 15
12 3 7
12 3 14
12 4 8
12 5 14
12 6 13
12 7 0
12 7 14
12 11 6
12 12 7
12 12 9
12 13 3
12 14 4
12 15 9
12 15 17
12 16 9
12 19 5
13 0 1
13 0 3
13 0 5
13 1 1
13 3 8
13 3 14
13 4 4
13 4 13
13 4 14
13 7 0
13 8 0
13 8 19
13 10 18
13 12 8
13 12 10
13 13 9
13 13 14
13 14 10
13 14 17
13 15 14
13 15 18
13 16 16
13 16 17
13 17 17
13 18 5
13 19 4
14 0 2
14 0 5
14 0 13
14 1 14
14 4 3
14 10 17
14 10 19
14 12 9
14 13 10
14 13 19
14 14 14
14 16 17
14 18 5
14 18 18
14 19 6
14 19 17
15 2 16
15 6 15
15 8 5
15 18 12
16 1 4
16 1 16
16 2 15
16 2 17
16 3 16
16 4 15
16 6 14
16 6 16
16 7 15
16 8 3
16 8 14
16 9 2
16 13 14
16 14 15
16 15 6
16 15 13
16 15 14
16 16 12
16 18 13
16 19 12
17 2 4
17 2 19
17 3 0
17 3 14
17 3 15
17 3 18
17 4 0
17 4 14
17 4 16
17 11 6
17 14 14
17 15 5
17 15 9
17 16 13
17 18 12
18 2 13
18 2 15
18 3 14
18 3 15
18 4 4
18 4 13
18 4 15
18 5 0
18 5 11
18 7 0
18 9 3
18 10 7
18 11 7
18 11 18
18 12 6
18 13 16
18 14 17
18 15 10
18 15 16
18 17 0
19 8 0
19 10 6
19 11 6
19 13 2
19 13 6
19 18 0
