0 22 182
0 23 183
0 84 125
0 320 84
0 321 85
0 396 447
1 85 125
1 352 436
1 396 446
2 245 122
2 352 435
2 376 288
2 456 228
2 457 229
3 177 122
3 194 192
3 246 122
3 377 288
4 177 123
4 193 192
4 288 212
4 336 132
4 434 239
4 435 238
4 435 240
4 436 239
5 64 107
5 67 362
5 288 211
5 333 202
5 335 132
5 434 238
5 434 240
5 436 238
5 436 240
5 467 498
5 471 227
6 59 138
6 65 107
6 66 362
6 333 201
6 417 60
6 434 239
6 435 238
6 435 240
6 436 239
6 467 499
6 471 226
7 42 126
7 43 127
7 58 138
7 122 23
7 123 24
7 387 394
7 403 305
7 417 59
7 423 208
7 471 70
8 122 24
8 123 23
8 330 267
8 388 394
8 402 305
8 422 208
8 471 69
9 232 464
9 329 267
9 394 71
10 210 139
10 211 140
10 232 463
10 394 70
10 403 6
10 438 45
11 14 386
11 15 387
11 60 303
11 62 348
11 313 137
11 403 7
11 412 89
11 413 88
11 438 44
11 473 21
12 57 107
12 59 271
12 59 303
12 60 270
12 62 349
12 63 33
12 313 136
12 472 21
13 32 303
13 57 108
13 59 270
13 60 271
13 63 34
13 76 142
13 116 371
13 149 252
13 164 313
13 254 469
13 255 468
13 390 101
14 32 304
14 77 142
14 115 371
14 148 252
14 164 314
14 171 127
14 172 128
14 391 101
14 498 315
14 499 314
15 42 48
15 43 49
15 313 278
15 345 328
15 474 353
15 489 494
15 490 495
16 41 203
16 177 4
16 205 478
16 206 477
16 314 278
16 345 327
16 474 354
16 496 484
16 497 483
17 41 202
17 177 3
17 221 33
17 225 326
17 253 186
17 253 348
17 330 321
17 331 320
17 412 408
18 32 431
18 221 34
18 226 326
18 253 257
18 254 186
18 254 348
18 255 257
18 315 458
18 350 293
18 413 408
18 438 401
19 32 432
19 254 257
19 316 458
19 335 362
19 350 292
19 389 84
19 411 296
19 412 295
19 414 498
19 439 401
20 169 225
20 170 224
20 336 362
20 345 273
20 346 274
20 390 84
20 414 497
20 466 28
21 93 96
21 246 227
21 274 333
21 441 335
21 466 29
21 471 59
22 25 239
22 25 241
22 92 96
22 142 348
22 144 348
22 190 279
22 191 280
22 246 228
22 275 333
22 276 406
22 277 407
22 356 346
22 394 312
22 395 311
22 442 335
22 460 63
22 461 64
22 472 59
23 24 239
23 24 241
23 63 146
23 153 57
23 240 243
23 356 345
24 64 146
24 96 306
24 142 348
24 144 348
24 153 58
24 240 242
24 248 169
24 263 189
24 263 413
25 3 338
25 95 306
25 191 249
25 248 170
25 262 413
25 263 190
25 324 320
25 325 321
25 349 419
26 2 184
26 3 339
26 168 90
26 169 89
26 191 248
26 350 419
27 1 184
27 45 136
27 62 152
27 63 153
27 153 26
27 160 143
27 161 142
27 161 144
27 236 228
27 369 297
27 370 296
27 449 380
27 450 381
28 45 137
28 68 424
28 105 10
28 153 27
28 180 387
28 237 228
28 314 165
28 315 164
28 423 235
28 424 236
29 7 312
29 8 313
29 46 453
29 67 424
29 77 187
29 86 258
29 105 11
29 180 388
29 411 67
29 431 487
29 432 486
29 434 360
30 45 453
30 46 152
30 77 186
30 85 258
30 180 475
30 181 474
30 223 438
30 285 72
30 412 67
30 415 389
30 434 359
31 1 55
31 46 153
31 222 438
31 284 72
31 397 464
31 415 390
31 428 370
31 428 427
31 429 426
31 493 126
32 0 55
32 78 463
32 217 152
32 239 352
32 240 351
32 246 71
32 264 212
32 294 232
32 371 46
32 397 463
32 403 85
32 428 369
32 493 127
33 77 463
33 218 152
33 227 167
33 247 71
33 265 212
33 267 492
33 295 232
33 356 444
33 371 45
33 398 368
33 399 367
33 403 84
34 151 94
34 228 167
34 246 219
34 267 493
34 321 26
34 339 269
34 340 270
34 355 444
34 363 354
34 453 53
34 454 52
35 9 46
35 10 45
35 25 178
35 26 177
35 118 78
35 151 93
35 183 344
35 245 219
35 299 399
35 321 25
35 344 15
35 363 353
35 420 41
35 421 42
36 74 417
36 118 77
36 182 344
36 299 398
36 344 14
37 8 209
37 74 418
37 255 266
38 7 209
38 172 189
38 255 265
38 316 287
38 376 113
39 46 431
39 173 189
39 316 286
39 324 60
39 325 59
39 367 213
39 368 212
39 376 112
39 444 413
39 465 370
40 45 431
40 194 321
40 195 320
40 438 451
40 439 450
40 445 413
40 466 370
40 470 490
40 471 489
41 227 175
41 228 176
41 238 13
41 239 12
41 242 144
41 243 143
41 337 427
41 338 428
41 446 79
42 85 119
42 86 120
42 104 346
42 235 250
42 236 249
42 261 126
42 262 127
42 364 372
42 365 373
42 388 349
42 398 125
42 399 126
42 447 79
43 62 314
43 103 346
43 305 99
43 387 349
44 33 218
44 61 314
44 219 249
44 306 99
44 402 173
44 403 172
44 451 22
44 452 21
44 468 359
44 490 41
45 34 218
45 220 249
45 238 144
45 449 398
45 467 359
45 469 260
45 470 259
45 490 42
46 239 144
46 247 117
46 251 218
46 350 214
46 448 398
46 486 42
47 82 41
47 83 42
47 111 318
47 205 407
47 246 117
47 251 217
47 291 199
47 350 215
47 460 31
47 486 41
48 3 327
48 20 34
48 21 35
48 111 319
48 149 46
48 163 363
48 164 364
48 205 406
48 291 200
48 296 294
48 359 273
48 360 272
48 361 273
48 460 30
48 477 389
48 478 388
49 2 327
49 148 46
49 169 235
49 297 294
49 417 377
49 418 378
50 169 234
50 205 495
50 283 244
50 284 243
51 130 420
51 205 496
51 269 16
51 453 301
51 454 300
51 470 182
52 108 393
52 129 420
52 269 17
52 292 248
52 293 249
52 325 46
52 361 211
52 365 480
52 470 183
53 108 394
53 233 281
53 247 347
53 294 36
53 326 46
53 361 212
53 365 481
53 385 128
53 394 182
53 446 262
53 489 161
54 70 388
54 160 76
54 167 4
54 233 282
54 248 347
54 295 36
54 314 162
54 385 127
54 394 181
54 444 260
54 447 262
54 489 162
54 495 439
55 71 388
55 88 121
55 89 122
55 107 302
55 108 301
55 129 190
55 160 75
55 167 3
55 168 449
55 169 448
55 220 50
55 314 161
55 368 331
55 406 438
55 444 259
55 495 438
56 4 439
56 105 330
56 129 189
56 153 245
56 220 49
56 294 436
56 295 437
56 332 220
56 368 332
56 406 437
57 3 439
57 50 88
57 51 401
57 52 400
57 105 331
57 124 30
57 125 31
57 154 245
57 333 220
58 33 323
58 49 88
58 174 20
58 194 267
58 195 266
58 456 173
58 481 232
59 32 323
59 173 20
59 231 452
59 366 382
59 456 174
59 462 397
59 482 232
60 232 452
60 366 383
60 461 397
61 98 265
61 107 430
61 108 429
61 242 291
61 342 488
61 343 489
61 494 177
61 495 178
62 30 2
62 31 3
62 97 265
62 160 340
62 161 339
62 243 291
62 245 178
62 246 177
62 388 134
62 475 151
62 492 319
63 150 323
63 176 41
63 177 42
63 226 135
63 389 134
63 475 150
63 493 319
64 64 306
64 65 305
64 151 323
64 172 237
64 173 236
64 227 135
64 372 408
64 443 69
64 477 324
65 103 373
65 132 48
65 216 185
65 217 184
65 300 399
65 373 408
65 442 69
65 477 323
66 103 374
66 131 48
66 172 332
66 259 286
66 301 399
66 404 246
66 405 247
66 467 410
67 159 217
67 172 331
67 259 287
67 264 177
67 423 172
67 424 171
67 439 2
67 467 409
68 78 84
68 143 470
68 144 469
68 159 218
68 221 127
68 238 94
68 263 177
68 279 453
68 440 2
69 77 84
69 102 30
69 222 127
69 238 95
69 280 453
69 428 42
70 101 30
70 428 41
71 41 411
71 114 404
71 115 405
71 247 472
71 248 473
71 321 255
71 435 163
71 457 289
71 490 235
72 5 473
72 40 411
72 70 58
72 71 57
72 147 350
72 148 349
72 307 154
72 320 255
72 378 155
72 434 163
72 458 289
72 490 234
73 6 473
73 49 159
73 96 1
73 195 293
73 196 294
73 239 219
73 240 218
73 252 116
73 307 153
73 321 70
73 377 155
73 395 417
73 395 419
74 36 300
74 36 302
74 38 300
74 38 302
74 48 159
74 96 0
74 233 283
74 234 284
74 251 116
74 321 69
74 394 417
74 394 419
74 435 92
75 196 422
75 435 91
76 195 422
76 256 65
77 11 291
77 12 290
77 48 412
77 256 66
77 269 350
77 363 140
77 494 322
77 495 323
78 49 412
78 75 187
78 76 188
78 270 350
78 306 393
78 307 392
78 363 139
78 456 281
78 457 282
79 156 312
79 230 426
80 52 269
80 156 311
80 179 323
80 206 320
80 215 186
80 216 185
80 229 426
80 370 399
80 492 58
80 493 59
81 51 269
81 179 322
81 206 319
81 340 280
81 369 399
81 434 96
81 466 176
82 53 243
82 54 244
82 76 341
82 283 413
82 340 281
82 356 162
82 434 97
82 466 177
83 59 249
83 76 340
83 230 114
83 283 414
83 356 163
83 448 461
84 60 249
84 163 419
84 183 452
84 229 114
84 340 119
84 418 382
84 419 383
84 449 461
85 154 135
85 155 134
85 162 419
85 182 452
85 288 474
85 340 118
85 471 140
86 66 426
86 288 475
86 471 141
87 66 425
87 262 289
87 263 288
88 65 207
88 124 100
88 125 101
88 369 312
88 473 15
88 474 14
88 475 176
88 476 175
89 65 208
89 141 198
89 155 61
89 302 461
89 363 362
89 368 312
89 455 254
89 456 255
90 140 198
90 156 61
90 295 244
90 302 460
90 341 333
90 363 363
90 449 468
90 450 469
91 246 453
91 296 244
91 341 334
92 3 213
92 92 221
92 246 454
92 254 271
92 281 151
92 282 150
93 2 213
93 17 245
93 92 222
93 97 48
93 98 49
93 190 400
93 191 401
93 253 271
93 285 424
93 286 425
93 450 326
94 10 179
94 17 244
94 85 269
94 290 93
94 450 327
95 10 180
95 24 267
95 52 76
95 53 75
95 85 270
95 95 46
95 183 476
95 184 477
95 228 61
95 289 93
96 23 267
96 94 46
96 128 403
96 195 308
96 228 60
96 261 145
96 406 76
96 407 75
96 425 146
96 426 147
97 103 98
97 128 402
97 196 308
97 215 262
97 261 146
97 437 348
98 57 155
98 100 491
98 102 98
98 214 340
98 215 263
98 215 339
98 219 414
98 220 413
98 351 192
98 437 349
99 58 155
99 73 402
99 74 401
99 100 490
99 231 2
99 232 1
99 328 134
99 351 191
99 394 375
99 494 176
100 291 382
100 328 133
100 395 375
100 398 419
100 445 202
100 494 177
101 50 162
101 292 382
101 398 420
101 445 201
101 466 141
102 50 161
102 467 141
102 468 334
102 469 333
103 25 108
103 109 168
103 115 473
103 404 20
103 426 95
103 427 96
104 25 107
104 54 4
104 55 5
104 70 193
104 109 167
104 115 474
104 258 143
104 287 486
104 288 487
104 404 19
105 71 193
105 161 217
105 171 238
105 258 3
105 258 142
105 446 415
105 492 480
106 30 463
106 147 211
106 148 212
106 162 217
106 172 238
106 258 2
106 304 418
106 305 419
106 347 195
106 348 194
106 373 8
106 447 415
106 491 480
107 30 462
107 108 23
107 109 22
107 137 466
107 147 212
107 148 211
107 320 177
107 373 7
108 52 52
108 57 124
108 58 125
108 137 465
108 241 230
108 272 448
108 273 449
108 279 145
108 320 176
108 338 276
108 476 45
109 52 53
109 139 434
109 140 435
109 188 322
109 225 116
109 240 230
109 254 37
109 255 38
109 278 145
109 292 459
109 295 417
109 338 277
109 462 442
109 477 45
109 497 341
109 498 340
110 187 322
110 224 116
110 237 128
110 293 459
110 295 416
110 391 406
110 392 405
110 461 214
110 463 442
111 237 129
111 254 370
111 349 35
111 462 214
112 102 421
112 241 207
112 253 370
112 275 368
112 276 369
112 349 36
112 450 149
112 451 148
112 463 365
113 101 421
113 123 48
113 124 49
113 208 141
113 209 140
113 240 207
113 406 130
113 407 129
113 462 365
114 19 484
114 228 154
114 229 155
114 459 68
114 470 483
115 18 484
115 114 149
115 115 150
115 324 203
115 425 48
115 434 245
115 435 244
115 459 67
115 470 484
116 95 43
116 325 203
116 425 49
116 479 49
117 94 43
117 122 166
117 430 296
117 431 297
117 463 496
117 479 50
118 17 63
118 122 167
118 247 46
118 263 125
118 457 180
118 464 496
118 490 232
119 18 63
119 247 45
119 264 125
119 294 271
119 301 484
119 302 483
119 403 458
119 458 180
119 491 232
120 11 29
120 203 458
120 259 480
120 294 272
120 354 135
120 355 136
120 404 458
120 436 316
121 12 29
121 204 458
121 242 461
121 243 462
121 257 396
121 260 480
121 345 139
121 436 317
121 493 123
122 117 56
122 118 57
122 154 13
122 199 155
122 258 396
122 345 138
122 493 122
123 102 95
123 155 13
123 200 155
123 204 187
124 13 134
124 103 95
124 107 318
124 205 187
124 220 130
124 406 459
124 407 460
124 443 61
125 13 133
125 107 319
125 220 129
125 257 490
125 258 489
125 443 62
126 29 167
126 117 72
126 145 468
126 272 378
126 409 101
127 29 166
127 117 71
127 145 467
127 174 426
127 273 378
127 298 412
127 299 413
127 367 3
127 409 100
127 467 101
128 56 227
128 130 202
128 131 201
128 141 46
128 142 47
128 174 425
128 347 441
128 367 2
128 416 162
128 417 161
128 466 101
129 57 227
129 96 40
129 171 12
129 172 13
129 209 238
129 346 441
130 96 41
130 131 310
130 207 120
130 209 239
130 368 267
130 384 352
131 130 310
131 207 121
131 260 201
131 272 1
131 368 266
131 384 351
132 7 304
132 146 361
132 158 407
132 261 201
132 272 2
132 384 481
132 431 58
133 7 305
133 12 286
133 146 360
133 157 407
133 175 448
133 296 236
133 297 237
133 373 170
133 374 171
133 384 480
133 430 58
133 473 59
134 13 286
134 64 469
134 176 448
134 354 6
134 355 5
134 473 60
134 481 418
134 482 419
135 57 263
135 58 262
135 65 469
135 163 332
135 297 83
135 298 82
136 164 332
136 351 179
136 425 286
137 23 160
137 24 161
137 71 449
137 81 46
137 351 180
137 425 287
137 434 445
137 435 444
137 445 277
138 25 225
138 29 403
138 69 449
138 71 448
138 80 46
138 117 167
138 345 237
138 346 238
138 368 7
138 407 378
138 408 203
138 417 198
138 418 199
138 422 41
138 445 278
138 497 354
138 498 355
139 10 162
139 23 160
139 24 161
139 25 224
139 29 404
139 61 380
139 69 448
139 117 168
139 360 109
139 368 6
139 405 244
139 408 204
139 408 378
139 421 41
140 10 163
140 62 380
140 103 353
140 104 352
140 212 320
140 213 321
140 359 109
140 406 244
141 178 159
141 320 411
141 461 274
141 462 275
142 79 358
142 101 50
142 102 51
142 168 445
142 177 159
142 275 255
142 276 319
142 282 497
142 283 498
142 319 411
142 366 85
142 367 84
143 79 359
143 168 444
143 170 88
143 171 87
143 275 254
143 277 319
143 347 260
143 348 259
144 83 328
144 84 329
144 128 113
144 306 408
144 307 407
144 342 58
144 490 180
144 491 179
145 128 114
145 150 245
145 157 38
145 158 37
145 342 57
146 151 245
147 69 163
147 80 168
147 303 64
147 304 65
147 325 293
148 69 164
148 81 168
148 154 226
148 326 293
149 154 225
149 264 268
149 265 267
149 297 379
149 298 378
149 304 253
149 305 252
150 3 146
150 4 145
150 5 200
150 6 201
150 235 477
150 320 442
150 321 443
150 329 389
150 436 303
150 477 224
150 482 475
150 483 474
151 155 403
151 156 402
151 235 478
151 330 389
151 347 297
151 347 299
151 365 362
151 366 361
151 426 153
151 427 154
151 436 302
151 465 135
151 476 224
152 289 119
152 346 297
152 346 299
152 402 143
152 403 144
152 466 135
153 15 471
153 88 182
153 289 118
153 464 230
154 15 470
154 88 181
154 119 217
154 120 216
154 126 123
154 127 124
154 164 414
154 165 413
154 331 339
154 409 360
154 464 231
154 488 438
155 67 491
155 68 490
155 125 165
155 127 95
155 158 156
155 288 202
155 289 201
155 289 463
155 317 32
155 331 340
155 372 341
155 410 360
155 488 437
155 492 3
156 112 299
156 113 298
156 114 143
156 115 144
156 126 165
156 127 96
156 158 155
156 164 414
156 165 413
156 186 284
156 211 159
156 212 160
156 247 370
156 289 464
156 317 33
156 373 341
156 419 250
156 492 4
157 51 211
157 186 285
157 227 55
157 247 371
157 260 154
157 261 155
157 419 251
158 32 316
158 51 210
158 228 55
158 395 45
158 397 45
159 11 316
159 12 315
159 32 315
159 56 336
159 57 335
159 368 17
159 395 46
159 397 46
160 240 486
160 241 487
160 369 17
160 432 304
161 138 333
161 198 372
161 432 305
161 435 54
161 436 55
162 138 334
162 147 420
162 148 419
162 197 302
162 198 303
162 198 371
163 51 162
163 52 161
163 118 453
163 119 452
163 277 492
163 278 491
163 316 355
163 317 354
163 357 126
163 358 125
163 483 485
163 487 403
163 488 404
164 3 189
164 89 398
164 90 397
164 197 441
164 369 238
164 482 485
165 4 189
165 64 51
165 198 441
165 236 400
165 237 399
165 244 438
165 245 437
165 300 272
165 301 271
165 370 238
166 33 381
166 34 382
166 65 51
166 102 355
166 103 356
166 118 346
166 245 481
166 246 482
166 296 290
166 297 289
166 478 324
166 492 82
167 46 104
167 62 412
167 63 411
167 118 347
167 159 385
167 217 452
167 275 170
167 364 109
167 365 110
167 366 109
167 478 325
167 492 81
168 44 258
168 46 103
168 104 349
168 159 386
168 167 3
168 218 452
168 271 165
168 272 166
168 275 169
169 44 257
169 104 350
169 127 54
169 167 4
169 232 425
169 233 426
169 400 396
170 52 111
170 53 112
170 128 54
170 180 37
170 181 38
170 182 37
170 399 396
170 432 281
171 224 356
171 225 355
171 234 408
171 235 407
171 284 496
171 432 282
172 83 51
172 126 191
172 164 466
172 283 496
173 82 51
173 125 191
173 164 467
173 166 265
173 216 4
174 65 365
174 66 364
174 140 34
174 164 68
174 165 67
174 165 265
174 216 3
175 141 34
175 255 391
175 296 225
175 467 110
175 468 111
176 54 147
176 55 148
176 69 345
176 91 419
176 92 420
176 217 482
176 218 481
176 235 360
176 255 390
176 289 24
176 290 23
176 295 225
176 360 343
176 410 180
176 411 181
177 69 344
177 194 12
177 234 360
177 361 343
177 376 193
177 390 429
177 484 314
178 116 196
178 117 197
178 121 167
178 195 12
178 376 192
178 385 381
178 386 380
178 387 377
178 391 429
178 485 314
179 122 167
179 226 39
179 227 38
179 360 190
179 369 4
179 370 3
179 373 487
179 387 376
180 109 379
180 284 245
180 359 190
180 373 488
180 441 345
181 104 198
181 109 380
181 276 476
181 277 475
181 284 244
181 289 284
181 341 24
181 342 23
181 363 428
181 441 344
182 40 247
182 104 199
182 182 395
182 183 394
182 276 475
182 277 476
182 290 284
182 362 302
182 363 429
182 416 433
182 424 136
182 425 135
183 40 246
183 158 59
183 244 169
183 247 253
183 248 254
183 257 419
183 258 418
183 293 29
183 362 303
183 416 434
183 472 106
183 473 105
184 58 400
184 59 152
184 158 58
184 199 192
184 243 169
184 292 29
184 322 349
184 370 435
185 57 400
185 60 152
185 198 192
185 322 348
185 370 436
186 68 393
186 69 392
186 383 335
186 384 336
186 408 223
186 409 222
186 416 114
187 100 48
187 122 1
187 123 0
187 198 194
187 199 195
187 238 336
187 315 144
187 403 439
187 407 59
187 408 58
187 416 113
187 445 199
187 446 198
187 451 366
187 452 367
188 78 400
188 99 48
188 177 240
188 208 228
188 238 337
188 315 143
188 403 440
189 9 413
189 67 42
189 78 399
189 89 171
189 176 240
189 207 228
189 227 12
189 301 294
189 302 293
190 8 413
190 67 43
190 90 171
190 126 221
190 227 11
190 235 280
190 434 112
190 462 65
190 463 66
190 476 221
191 74 134
191 89 171
191 105 417
191 126 222
191 236 280
191 247 313
191 248 312
191 286 38
191 301 77
191 302 76
191 433 112
191 477 221
192 73 134
192 85 346
192 105 416
192 269 416
192 286 37
192 353 173
193 86 346
193 269 415
193 332 187
193 352 173
193 401 69
193 402 70
193 463 152
194 256 166
194 324 158
194 325 159
194 331 187
194 462 152
195 22 495
195 189 275
195 214 229
195 255 166
195 328 492
195 387 35
196 22 496
196 27 55
196 190 275
196 215 229
196 300 328
196 327 492
196 368 195
196 387 34
197 26 55
197 300 327
197 328 492
197 367 195
197 413 154
197 430 417
198 413 153
198 431 417
199 38 433
199 52 398
199 227 269
199 257 192
199 267 164
199 285 127
200 38 432
200 53 398
200 158 357
200 159 356
200 178 8
200 179 7
200 228 269
200 257 191
200 267 165
200 284 127
201 138 373
201 203 12
201 237 11
201 469 428
202 5 323
202 123 300
202 138 374
202 204 12
202 224 440
202 236 11
202 241 408
202 469 427
203 4 323
203 123 301
203 223 440
203 240 408
203 270 426
204 49 154
204 50 153
204 94 315
204 95 316
204 134 137
204 154 346
204 155 347
204 161 389
204 162 388
204 175 179
204 227 31
204 270 427
204 428 461
204 485 406
204 486 405
205 131 269
205 135 137
205 139 380
205 174 179
205 226 31
205 231 362
205 353 245
205 428 460
205 477 388
205 478 389
206 16 150
206 131 268
206 140 380
206 231 363
206 354 245
207 16 149
207 223 373
207 403 242
207 439 483
207 493 38
208 40 109
208 176 146
208 177 145
208 205 343
208 206 342
208 224 373
208 378 153
208 403 243
208 438 483
208 466 6
208 494 38
209 41 109
209 58 488
209 373 499
209 374 498
209 378 152
209 466 5
210 58 487
210 293 150
210 305 157
211 14 125
211 102 66
211 103 67
211 211 431
211 212 430
211 293 151
211 305 156
211 445 431
211 474 268
211 495 319
211 496 320
212 15 125
212 63 219
212 149 450
212 150 449
212 386 324
212 445 430
212 474 269
212 497 266
213 3 484
213 4 485
213 64 219
213 252 222
213 264 45
213 294 310
213 385 324
213 497 265
214 211 439
214 212 440
214 253 222
214 265 45
214 295 310
214 373 84
215 17 3
215 71 31
215 278 168
215 341 164
215 342 165
215 374 84
215 384 43
215 449 246
215 450 247
216 17 2
216 72 31
216 95 492
216 154 85
216 155 84
216 266 452
216 267 451
216 277 168
216 298 271
216 302 416
216 303 415
216 385 43
217 96 492
217 146 44
217 266 451
217 267 452
217 297 271
218 79 384
218 80 385
218 146 43
218 264 411
218 269 206
218 279 301
218 419 383
219 23 427
219 158 70
219 264 410
219 270 206
219 279 300
219 408 384
219 413 314
219 419 384
219 438 162
220 22 427
220 81 348
220 82 347
220 157 70
220 316 160
220 409 384
220 414 314
220 437 162
220 480 283
221 130 32
221 160 355
221 316 159
221 372 383
221 468 183
221 469 182
221 480 282
222 117 238
222 130 31
222 143 454
222 144 455
222 159 355
222 371 383
223 118 238
223 162 58
223 163 57
223 322 173
223 378 465
223 379 466
224 96 286
224 97 287
224 321 173
224 374 19
224 375 18
224 478 334
224 479 333
225 22 213
225 61 491
225 394 471
226 22 212
226 61 492
226 156 411
226 157 410
226 393 471
227 90 295
227 215 1
227 345 432
228 91 295
228 100 84
228 215 2
228 231 5
228 237 346
228 238 345
228 267 19
228 268 18
228 346 432
229 34 38
229 61 72
229 94 156
229 95 155
229 100 85
229 110 259
229 111 258
229 231 4
229 446 343
229 447 344
229 483 205
230 28 118
230 29 119
230 35 38
230 59 338
230 62 72
230 173 393
230 176 434
230 177 435
230 220 186
230 360 291
230 484 205
231 5 110
231 21 281
231 59 339
231 166 392
231 167 391
231 173 394
231 179 65
231 180 66
231 193 301
231 194 300
231 219 186
231 304 111
231 305 112
231 360 290
232 4 110
232 21 280
232 180 12
233 38 333
233 46 286
233 47 287
233 48 293
233 179 12
233 230 456
233 231 455
234 38 332
234 48 292
234 119 145
234 150 198
234 209 255
234 312 32
235 80 169
235 120 145
235 151 198
235 157 93
235 208 255
235 270 104
235 312 33
236 80 170
236 156 93
236 254 402
236 270 103
236 285 317
237 116 254
237 254 403
237 284 317
237 331 257
238 115 254
238 209 349
238 254 294
238 331 256
238 451 415
238 452 414
239 129 174
239 208 349
239 254 293
239 374 68
239 407 216
239 408 215
240 47 448
240 129 173
240 174 350
240 175 351
240 373 68
240 403 237
240 420 79
240 421 78
241 48 448
241 110 35
241 111 36
241 157 60
241 158 61
241 230 314
241 258 249
241 373 185
241 389 240
241 395 350
241 396 349
241 403 238
241 472 8
241 477 390
241 478 391
242 75 394
242 76 395
242 171 240
242 230 313
242 257 249
242 348 356
242 374 185
242 389 241
242 430 189
242 431 188
242 449 435
242 472 7
243 107 71
243 158 343
243 170 240
243 286 353
243 348 355
243 448 435
243 482 192
244 32 439
244 36 452
244 106 71
244 158 342
244 287 353
244 402 290
244 403 365
244 404 364
244 411 127
244 412 128
244 478 80
244 482 191
245 32 438
245 32 440
245 37 452
245 352 164
245 353 163
245 403 290
245 477 323
245 478 79
246 98 437
246 149 287
246 159 27
246 199 428
246 200 429
246 273 480
246 274 481
246 386 182
246 445 264
246 476 323
247 17 347
247 99 437
247 148 287
247 152 44
247 159 28
247 237 126
247 238 125
247 261 258
247 262 259
247 344 352
247 386 183
247 440 400
247 444 264
248 18 347
248 34 138
248 35 137
248 76 183
248 109 178
248 152 43
248 170 20
248 189 474
248 344 351
248 354 399
248 355 400
248 440 401
248 497 19
249 76 182
249 108 178
249 169 20
249 189 473
249 214 179
249 215 178
249 497 20
250 101 204
250 160 167
250 216 142
250 217 143
250 455 59
251 25 310
251 80 280
251 81 279
251 101 205
251 128 444
251 129 445
251 160 166
251 272 50
251 412 84
251 452 235
251 453 234
251 456 59
252 25 311
252 157 89
252 184 171
252 185 170
252 198 101
252 245 459
252 253 221
252 273 50
252 412 85
252 439 161
252 462 94
252 463 95
253 56 422
253 75 268
253 157 88
253 198 100
253 198 424
253 199 425
253 244 459
253 254 221
253 338 43
253 362 340
253 363 341
253 402 127
253 403 126
253 438 161
254 56 423
254 75 267
254 145 102
254 202 90
254 240 443
254 339 43
254 402 126
254 403 127
255 80 317
255 146 102
255 203 90
255 239 443
255 287 142
255 313 151
255 314 152
255 389 387
255 390 388
255 423 425
255 424 426
256 20 280
256 21 281
256 50 400
256 80 316
256 123 226
256 288 142
256 460 189
257 20 281
257 21 280
257 33 64
257 50 401
257 80 296
257 81 297
257 122 226
257 158 494
257 159 495
257 179 117
257 180 116
257 364 121
257 445 251
257 460 188
258 22 103
258 23 102
258 32 64
258 135 491
258 186 308
258 365 121
258 446 251
258 485 362
259 135 490
259 186 307
259 260 316
259 261 315
259 485 361
260 7 404
260 62 293
260 107 454
260 221 348
260 222 347
260 248 72
260 275 421
260 359 200
261 6 404
261 63 293
261 108 454
261 197 363
261 228 41
261 247 72
261 275 420
261 359 199
261 362 290
262 67 483
262 68 482
262 193 403
262 194 402
262 197 364
262 228 40
262 275 65
262 276 66
262 363 290
262 432 236
262 433 235
262 457 194
263 190 103
263 451 14
263 456 194
264 44 10
264 189 103
264 259 412
264 372 496
264 378 265
264 379 266
264 451 15
265 44 9
265 116 155
265 227 364
265 228 363
265 259 411
265 372 495
266 106 10
266 114 187
266 115 155
266 115 186
266 164 308
266 329 378
266 338 470
267 54 39
267 107 10
267 107 183
267 165 308
267 271 173
267 330 378
267 337 470
267 374 433
267 384 265
267 429 44
268 53 39
268 107 184
268 271 174
268 373 433
268 385 265
268 428 44
269 55 366
269 75 264
269 76 265
269 100 75
269 118 245
269 177 342
269 178 343
269 215 421
270 55 365
270 99 75
270 118 246
270 196 293
270 197 294
270 215 422
270 228 388
270 421 65
271 178 411
271 229 388
271 326 194
271 421 66
272 113 296
272 155 239
272 156 238
272 177 411
272 327 194
273 53 253
273 54 252
273 107 337
273 108 336
273 112 296
273 269 316
273 270 317
273 295 197
273 477 331
274 295 198
274 299 402
274 476 331
275 59 452
275 60 451
275 74 377
275 108 290
275 118 358
275 222 337
275 257 139
275 299 401
276 64 112
276 74 378
276 109 290
276 119 358
276 191 107
276 192 106
276 206 178
276 207 177
276 222 338
276 230 269
276 256 139
277 63 112
277 78 436
277 207 324
277 229 269
277 337 9
277 338 8
277 398 187
277 427 274
278 77 436
278 208 324
278 243 429
278 244 428
278 291 14
278 398 188
278 427 275
278 448 224
278 449 225
279 124 247
279 291 15
279 337 265
279 338 264
279 341 359
279 412 243
279 441 250
279 442 249
280 123 247
280 227 278
280 228 277
280 342 359
280 413 243
280 443 172
280 444 173
281 15 293
281 16 294
281 43 109
281 44 142
281 45 141
281 253 97
281 463 37
282 43 110
282 171 479
282 172 478
282 197 180
282 252 97
282 272 441
282 385 496
282 462 37
283 8 283
283 125 306
283 197 179
283 272 440
283 278 221
283 386 496
283 397 472
283 452 447
284 8 284
284 126 306
284 277 221
284 397 473
284 452 448
284 498 203
285 83 429
285 84 428
285 497 203
286 281 341
286 290 474
286 340 219
286 432 378
286 433 377
286 439 273
286 448 299
287 51 175
287 281 340
287 290 473
287 339 219
287 438 273
287 447 299
288 51 174
288 83 276
288 84 277
288 199 345
288 200 344
288 266 151
288 304 156
288 305 155
288 336 100
289 6 79
289 266 150
289 276 366
289 283 134
289 336 101
289 382 399
290 5 79
290 153 411
290 154 410
290 275 366
290 283 135
290 381 399
290 429 488
291 79 228
291 352 395
291 353 394
291 359 82
291 429 487
292 27 19
292 80 228
292 104 463
292 270 369
292 309 119
292 359 83
292 444 467
292 445 468
293 9 298
293 10 297
293 26 19
293 80 287
293 81 286
293 105 463
293 271 369
293 309 118
294 35 24
294 36 23
294 72 269
294 73 270
295 44 161
295 45 162
295 119 345
295 221 178
295 438 369
295 439 370
296 84 273
296 118 345
296 221 177
297 85 273
297 174 272
297 175 273
297 225 244
297 296 482
297 454 45
298 10 238
298 11 237
298 140 477
298 141 476
298 200 41
298 205 281
298 224 244
298 296 483
298 454 44
299 146 488
299 181 196
299 182 195
299 201 41
299 205 23
299 206 24
299 206 281
300 146 489
300 181 195
300 182 196
301 25 482
301 26 483
301 176 339
301 177 340
301 222 210
302 15 87
302 176 340
302 177 339
302 222 211
303 14 87
303 156 251
303 157 252
304 88 497
304 109 28
304 112 156
304 142 411
304 143 412
305 88 496
305 109 29
305 113 156
305 179 482
305 195 498
305 196 499
305 263 233
305 332 73
305 464 452
306 15 139
306 16 138
306 115 64
306 179 483
306 248 110
306 249 109
306 263 234
306 332 74
306 354 51
306 463 452
306 476 223
307 116 64
307 355 51
307 418 186
307 476 224
308 248 110
308 249 109
308 360 214
308 419 186
308 445 472
308 488 143
309 15 444
309 119 216
309 160 444
309 200 419
309 233 344
309 326 466
309 361 214
309 364 460
309 365 459
309 446 472
309 488 142
310 16 444
310 118 216
310 160 443
310 201 419
310 205 318
310 234 344
310 249 212
310 326 467
310 384 274
310 495 23
310 498 95
311 204 318
311 250 212
311 373 23
311 374 24
311 385 274
311 459 100
311 496 23
311 497 6
311 498 96
312 51 42
312 213 450
312 243 24
312 244 23
312 373 24
312 374 23
312 460 100
312 498 6
313 51 41
313 51 43
313 193 106
313 194 105
313 214 450
313 241 9
313 242 10
313 420 72
313 420 74
314 242 143
314 341 213
314 421 72
314 421 74
315 242 142
315 299 160
315 341 212
315 351 260
315 352 259
315 393 398
316 7 373
316 125 163
316 169 25
316 170 26
316 299 161
316 393 399
316 476 177
317 3 247
317 7 374
317 69 401
317 124 163
317 327 428
317 466 223
317 476 178
318 4 247
318 62 410
318 70 401
318 147 83
318 247 318
318 327 427
318 465 223
319 62 409
319 97 213
319 132 401
319 146 83
319 247 317
319 311 333
320 98 213
320 132 402
320 215 283
320 287 188
320 288 189
320 311 332
320 418 37
321 13 341
321 106 312
321 107 311
321 216 283
321 351 243
321 418 36
321 441 74
321 468 151
321 469 150
322 13 340
322 217 96
322 350 243
322 352 56
322 442 74
322 460 423
322 461 424
323 206 129
323 217 95
323 353 56
324 206 128
324 371 178
325 65 258
325 80 112
325 81 111
325 263 153
325 372 178
326 65 257
326 73 28
326 100 392
326 264 153
326 470 215
326 471 216
327 27 247
327 28 248
327 73 29
327 99 392
327 148 102
327 149 103
327 355 432
327 498 349
328 98 458
328 134 331
328 135 332
328 200 466
328 355 431
328 357 17
328 497 349
329 59 321
329 99 458
329 116 172
329 201 466
329 213 71
329 214 93
329 356 17
329 396 110
329 421 337
329 422 336
329 463 23
330 59 320
330 60 312
330 114 180
330 115 172
330 200 466
330 213 72
330 214 94
330 243 210
330 244 209
330 310 337
330 395 110
330 463 22
331 21 454
331 59 312
331 63 329
331 113 180
331 197 306
331 198 307
331 250 333
331 311 337
332 20 454
332 63 330
332 168 401
332 250 334
332 251 334
332 263 70
332 383 73
332 384 74
333 41 73
333 138 248
333 167 401
333 198 282
333 251 335
333 263 71
333 400 380
333 401 379
333 425 272
333 453 242
333 493 60
333 494 61
334 38 110
334 42 73
334 86 431
334 87 432
334 139 248
334 190 236
334 191 237
334 198 281
334 286 445
334 324 91
334 399 5
334 400 4
334 425 273
334 454 242
334 458 497
334 459 496
335 39 110
335 65 77
335 253 233
335 285 445
335 311 170
335 311 172
335 325 91
335 385 213
335 431 71
335 499 347
336 66 77
336 251 354
336 252 233
336 310 170
336 310 172
336 384 213
336 431 70
336 498 425
336 499 346
336 499 426
337 11 25
337 70 150
337 90 117
337 251 355
338 10 25
338 70 149
338 91 117
338 393 336
338 394 337
338 428 215
339 116 99
339 148 131
339 361 258
339 362 259
339 371 338
339 429 215
339 472 325
340 31 195
340 32 196
340 57 98
340 116 100
340 148 130
340 171 282
340 172 281
340 372 338
340 467 26
340 473 325
341 23 437
341 24 438
341 57 97
341 117 459
341 118 458
341 118 460
341 158 52
341 217 19
341 468 26
342 23 438
342 24 437
342 117 458
342 117 460
342 157 52
342 216 19
342 234 370
342 483 42
342 484 41
343 30 442
343 117 459
343 118 458
343 118 460
343 128 483
343 200 444
343 234 369
344 30 441
344 128 484
344 200 445
344 214 229
344 220 83
344 221 84
344 266 201
344 267 200
344 372 287
344 375 373
344 455 160
344 456 161
344 499 239
345 129 481
345 130 482
345 140 189
345 212 81
345 213 229
345 372 288
345 374 373
345 499 238
346 29 37
346 58 407
346 139 189
346 213 81
346 298 128
346 299 127
346 427 207
346 452 160
347 28 37
347 56 178
347 57 179
347 57 407
347 89 34
347 263 321
347 310 404
347 311 405
347 362 193
347 363 192
347 427 206
347 452 161
348 90 34
348 146 165
348 262 321
348 460 322
349 145 165
349 174 422
349 175 423
349 338 11
349 460 323
350 208 98
350 303 42
350 338 10
351 209 98
351 303 41
352 34 97
352 100 387
352 178 226
352 196 143
352 210 134
352 211 133
352 237 476
352 466 455
352 491 193
352 492 194
353 33 97
353 89 447
353 90 446
353 99 387
353 177 226
353 195 143
353 238 476
353 277 418
353 306 131
353 370 227
353 371 228
353 465 455
354 171 264
354 276 418
354 296 458
354 306 130
354 361 139
355 6 475
355 7 474
355 171 265
355 295 458
355 362 139
355 368 173
355 372 487
355 373 488
355 373 489
355 399 282
355 434 1
356 35 301
356 109 177
356 149 32
356 150 31
356 367 173
356 374 489
356 399 283
356 434 2
357 36 301
357 109 176
358 126 457
358 341 318
358 342 317
358 356 425
358 384 24
359 111 335
359 126 456
359 137 55
359 357 425
359 384 25
360 48 35
360 49 36
360 110 335
360 111 166
360 136 55
360 222 156
361 111 167
361 222 157
361 311 403
361 312 404
361 354 271
361 487 364
361 488 363
362 5 153
362 268 279
362 337 148
362 337 150
362 354 270
362 381 310
362 426 141
362 472 134
363 5 152
363 9 158
363 10 157
363 29 248
363 30 247
363 73 52
363 184 333
363 190 497
363 191 498
363 198 367
363 269 279
363 338 148
363 338 150
363 374 130
363 381 311
363 426 142
363 471 134
363 473 229
363 474 230
364 9 157
364 10 158
364 73 51
364 90 180
364 91 181
364 185 333
364 199 367
364 375 130
364 408 476
364 409 475
364 415 67
365 121 292
365 189 376
365 189 378
365 222 187
365 223 188
365 277 403
365 278 404
365 415 66
365 425 26
365 426 27
366 121 293
366 190 376
366 190 378
366 424 400
367 329 2
367 425 400
367 439 59
367 441 372
367 486 275
367 487 276
368 329 1
368 398 320
368 399 321
368 439 58
368 442 372
369 199 493
369 270 340
369 344 377
369 499 392
370 47 35
370 84 40
370 199 494
370 270 341
370 345 377
370 468 412
370 469 413
370 492 54
370 499 393
371 43 71
371 48 35
371 83 40
371 358 148
371 359 147
371 404 380
371 405 381
371 458 360
371 492 53
372 42 71
372 48 152
372 49 151
372 155 458
372 405 50
372 458 361
373 95 308
373 156 458
373 215 264
373 349 238
373 406 50
373 474 234
374 70 264
374 71 265
374 95 309
374 213 255
374 215 265
374 350 238
374 392 287
374 448 474
374 474 233
375 136 113
375 145 347
375 212 255
375 393 287
375 448 473
375 498 133
376 137 113
376 142 167
376 145 348
376 496 45
376 499 133
377 34 53
377 141 167
377 156 451
377 442 60
377 476 104
377 496 44
378 33 53
378 147 63
378 155 451
378 395 30
378 396 29
378 417 374
378 418 373
378 441 60
378 477 104
379 32 416
379 57 355
379 147 64
379 220 117
379 321 152
379 410 312
379 446 410
379 481 337
380 32 417
380 56 355
380 129 342
380 130 343
380 181 72
380 220 116
380 322 152
380 326 241
380 410 311
380 447 410
380 481 336
381 120 395
381 182 72
381 227 492
381 230 493
381 270 123
381 271 122
381 295 183
381 296 182
381 325 241
381 334 214
381 435 348
381 440 102
382 0 194
382 30 391
382 119 395
382 227 493
382 230 492
382 335 214
382 400 110
382 436 348
382 441 102
382 463 180
383 0 193
383 30 390
383 65 92
383 156 264
383 195 265
383 280 140
383 281 141
383 282 26
383 399 110
383 408 421
383 409 420
383 464 180
384 64 92
384 156 263
384 158 194
384 194 265
384 282 27
384 330 463
385 53 385
385 61 314
385 158 193
385 186 220
385 329 463
386 52 385
386 61 313
386 187 220
386 188 246
386 244 333
386 245 334
386 310 497
386 311 496
386 315 215
386 326 281
387 188 247
387 315 216
387 327 281
388 8 11
388 28 164
388 29 165
388 410 72
389 7 11
389 307 44
389 308 45
389 410 73
389 481 355
390 136 444
390 186 440
390 213 112
390 482 355
391 136 443
391 186 441
391 212 112
391 307 44
391 308 45
392 111 145
392 112 144
392 146 374
392 237 72
392 238 71
392 325 475
392 452 237
392 453 238
393 146 375
393 233 398
393 325 476
393 452 238
393 453 237
394 234 398
394 249 30
394 311 349
394 312 350
394 443 397
395 27 75
395 55 317
395 122 111
395 130 239
395 131 238
395 249 29
395 344 45
395 344 128
395 402 13
395 443 396
395 487 489
395 488 490
396 11 289
396 12 290
396 27 76
396 54 317
396 121 111
396 343 45
396 345 128
396 369 128
396 402 14
396 441 106
397 128 109
397 129 108
397 159 94
397 163 185
397 258 197
397 259 196
397 340 291
397 341 292
397 370 128
397 442 106
398 85 230
398 159 95
398 164 185
398 192 45
398 193 44
398 240 401
398 241 400
398 281 124
398 282 125
398 320 158
399 16 456
399 17 455
399 18 328
399 19 329
399 41 425
399 85 229
399 321 158
399 414 214
399 414 216
399 415 215
399 418 214
399 419 213
399 457 332
400 4 439
400 5 438
400 41 424
400 151 472
400 188 250
400 417 24
400 418 23
400 456 332
400 462 445
401 17 50
401 19 383
401 42 416
401 92 388
401 112 54
401 151 446
401 151 471
401 187 250
401 231 127
401 292 280
401 293 281
401 462 444
401 477 331
402 16 50
402 19 382
402 42 415
402 91 388
402 112 55
402 151 445
402 231 128
402 284 407
402 307 447
402 308 446
402 368 106
402 474 161
402 477 330
403 49 376
403 184 280
403 221 92
403 284 406
403 369 106
403 474 162
404 49 375
404 184 279
404 220 92
404 262 363
405 115 470
405 212 58
405 262 362
405 311 283
405 361 367
405 362 368
406 115 471
406 167 479
406 211 58
406 306 222
406 311 282
406 393 260
406 394 259
406 407 77
407 12 308
407 13 309
407 136 497
407 137 498
407 166 479
407 226 411
407 270 414
407 307 222
407 408 77
408 218 399
408 219 400
408 226 412
408 270 413
411 204 489
411 319 148
411 320 149
412 95 273
412 204 488
413 96 273
413 302 189
413 310 136
413 311 135
414 60 296
414 210 152
414 254 55
414 301 189
414 331 81
414 332 82
414 403 203
414 440 160
414 442 160
414 451 12
415 52 373
415 53 374
415 61 296
415 204 115
415 209 152
415 254 56
415 325 428
415 403 202
415 429 16
415 441 160
415 451 11
416 25 352
416 204 116
416 326 428
416 335 37
416 336 38
416 349 311
416 360 65
416 428 16
417 25 353
417 154 364
417 350 311
417 351 411
417 361 65
417 376 311
417 413 482
418 9 52
418 154 363
418 240 175
418 352 411
418 362 431
418 375 311
418 414 482
419 8 52
419 240 174
419 288 130
419 361 431
420 0 497
420 248 188
420 288 129
420 427 112
421 0 496
421 78 234
421 79 233
421 120 185
421 194 318
421 234 492
421 248 189
421 352 373
421 427 111
421 450 411
422 18 313
422 19 314
422 80 247
422 81 248
422 114 134
422 119 185
422 160 278
422 195 318
422 234 493
422 258 377
422 352 372
422 419 119
422 449 411
423 114 133
423 159 278
423 179 208
423 236 105
423 257 377
423 265 8
423 266 389
423 267 390
423 319 236
423 418 119
423 466 349
424 73 462
424 133 497
424 178 208
424 235 105
424 265 7
424 319 235
424 350 178
424 400 4
424 401 3
424 466 350
425 38 396
425 73 461
425 104 129
425 105 130
425 133 498
425 250 461
425 349 178
425 362 474
425 392 385
425 445 277
425 475 280
426 38 397
426 135 218
426 136 217
426 250 460
426 315 173
426 316 172
426 363 474
426 392 384
426 432 183
426 433 182
426 444 277
426 476 280
427 114 77
427 270 56
427 291 474
427 368 270
428 13 423
428 48 62
428 49 61
428 81 432
428 114 76
428 148 232
428 269 56
428 290 474
428 369 270
428 454 249
428 455 248
429 12 423
429 45 497
429 81 433
429 149 232
429 174 323
429 235 99
429 315 313
429 341 340
430 19 53
430 20 52
430 45 498
430 175 323
430 235 100
430 292 452
430 293 453
430 296 437
430 314 313
430 341 339
430 466 144
430 472 494
431 49 322
431 68 191
431 69 190
431 176 387
431 295 437
431 437 484
431 466 145
431 472 495
432 49 323
432 176 388
432 330 173
432 438 484
433 34 371
433 150 174
433 330 172
433 459 355
434 34 370
434 137 447
434 138 446
434 151 174
434 167 222
434 204 182
434 293 244
434 325 191
434 404 23
434 405 22
434 460 355
434 465 57
434 466 56
435 166 222
435 199 98
435 203 182
435 293 245
435 325 190
436 200 98
436 252 140
437 5 160
437 252 141
437 350 149
438 5 161
438 77 245
438 348 379
438 350 148
438 414 416
438 415 415
439 74 260
439 75 261
439 77 246
439 142 321
439 180 184
439 181 183
439 349 370
439 349 379
440 62 406
440 63 405
440 79 96
440 142 322
440 192 351
440 193 350
440 297 65
440 350 370
441 79 95
441 189 441
441 207 51
441 296 65
441 455 309
441 463 47
441 465 47
442 33 335
442 42 234
442 43 278
442 189 442
442 207 50
442 406 42
442 407 41
442 455 310
442 464 47
443 34 335
443 43 234
443 44 278
443 44 365
443 128 274
443 332 170
444 15 77
444 44 364
444 128 275
444 238 88
444 331 170
444 421 50
444 422 51
445 15 78
445 30 416
445 179 220
445 180 221
445 238 89
445 365 399
445 366 400
445 386 136
445 487 472
446 29 416
446 152 56
446 153 57
446 286 241
446 295 64
446 387 136
446 404 485
446 405 484
446 486 472
447 65 440
447 81 310
447 82 309
447 134 331
447 142 335
447 143 334
447 144 335
447 183 265
447 286 240
447 294 64
447 430 127
448 65 441
448 92 474
448 93 473
448 135 331
448 138 41
448 183 264
448 399 375
448 430 126
449 42 445
449 74 28
449 75 27
449 139 41
449 143 162
449 181 41
449 218 49
449 219 50
449 280 285
449 399 374
449 418 430
449 470 365
450 41 445
450 142 162
450 174 371
450 181 40
450 279 285
450 418 429
450 448 48
450 470 366
451 107 458
451 125 363
451 126 362
451 152 89
451 174 372
451 417 133
451 448 49
451 472 276
451 473 275
452 106 458
452 151 89
452 233 419
452 418 133
453 115 218
453 195 452
453 196 451
453 234 419
453 321 279
453 322 278
453 483 255
453 484 254
454 116 218
454 128 100
454 213 62
454 251 313
454 324 9
454 391 378
455 69 226
455 72 153
455 73 154
455 127 100
455 213 61
455 213 63
455 251 312
455 325 9
455 390 378
455 393 388
456 68 226
456 298 391
456 392 388
456 414 247
456 453 484
456 454 483
457 16 84
457 137 440
457 224 14
457 238 154
457 247 444
457 248 443
457 297 391
457 413 247
458 17 84
458 136 440
458 154 225
458 155 224
458 183 477
458 224 15
458 239 154
458 242 322
458 243 323
458 265 267
458 288 114
458 316 497
458 317 498
458 475 259
459 84 37
459 106 290
459 107 291
459 154 224
459 155 225
459 182 477
459 263 192
459 266 267
459 289 114
459 475 260
460 49 165
460 83 37
460 106 291
460 107 290
460 112 106
460 197 275
460 263 191
460 295 51
461 50 165
461 110 129
461 111 106
461 111 130
461 145 94
461 146 93
461 171 446
461 197 276
461 251 118
461 295 50
461 316 420
461 317 419
461 320 363
461 432 16
461 433 15
461 468 40
462 30 347
462 68 330
462 69 329
462 171 266
462 171 447
462 251 119
462 320 364
462 325 178
462 344 325
462 468 41
463 30 346
463 170 266
463 173 110
463 271 133
463 325 177
463 344 324
463 358 405
463 359 406
463 408 48
464 14 37
464 15 36
464 154 430
464 174 110
464 270 133
464 308 47
464 408 49
464 423 99
465 3 5
465 155 430
465 307 47
465 422 99
465 424 358
466 2 5
466 288 79
466 364 346
466 412 250
466 416 185
466 424 357
467 215 163
467 216 162
467 289 79
467 327 103
467 350 44
467 351 43
467 364 345
467 371 156
467 413 250
467 416 186
467 449 230
468 162 482
468 256 470
468 257 469
468 326 103
468 371 155
468 448 230
468 468 259
468 469 260
469 23 10
469 24 9
469 26 8
469 27 7
469 103 2
469 114 357
469 115 356
469 163 482
469 465 369
469 466 370
470 32 329
470 103 3
470 103 424
470 104 423
470 220 126
470 221 127
470 323 90
470 324 91
470 433 316
471 3 422
471 4 421
471 32 330
471 135 228
471 159 295
471 170 181
471 171 180
471 219 368
471 220 367
471 248 350
471 249 351
471 367 413
471 421 164
471 433 317
471 457 28
471 458 29
472 98 374
472 113 151
472 135 227
472 159 294
472 219 367
472 220 368
472 227 252
472 353 300
472 354 299
472 367 414
472 422 164
472 435 292
472 446 206
472 447 207
472 457 29
472 458 28
473 42 338
473 99 374
473 114 151
473 226 411
473 227 251
473 302 223
473 303 222
473 347 4
473 434 292
474 42 337
474 226 410
474 327 113
474 347 5
474 392 235
474 415 96
474 417 358
474 465 235
474 466 234
475 11 197
475 287 189
475 326 113
475 391 235
475 416 96
475 417 357
476 9 442
476 12 197
476 71 399
476 72 398
476 130 323
476 287 190
477 8 442
477 130 322
477 150 277
477 151 276
477 420 208
477 469 364
477 470 365
478 89 127
478 90 126
478 238 350
478 421 208
478 476 44
478 477 43
479 108 158
479 109 157
479 200 35
479 238 351
479 335 18
480 91 0
480 200 36
480 335 17
480 355 328
480 416 130
480 417 131
481 91 1
481 354 328
481 368 297
481 416 131
481 417 130
481 479 211
481 479 310
482 94 80
482 95 79
482 288 255
482 348 178
482 349 232
482 350 231
482 367 297
482 375 236
482 478 310
482 479 210
483 5 218
483 167 16
483 240 56
483 241 55
483 247 289
483 252 88
483 253 87
483 287 255
483 347 178
483 376 236
483 485 262
484 5 219
484 35 359
484 167 17
484 247 288
484 342 424
484 398 2
484 399 3
484 449 443
484 486 262
485 22 224
485 23 223
485 34 359
485 179 403
485 343 424
485 450 443
485 495 447
485 496 446
486 70 37
486 180 403
486 354 195
486 355 194
486 463 93
486 497 357
487 4 271
487 5 272
487 69 37
487 227 275
487 390 404
487 462 93
487 478 340
487 496 357
488 219 92
488 224 307
488 226 275
488 390 405
488 440 133
488 441 132
488 478 341
489 75 93
489 138 21
489 176 193
489 177 192
489 183 465
489 219 91
489 225 307
489 293 32
489 376 326
489 448 140
490 14 18
490 15 19
490 74 93
490 138 20
490 184 465
490 285 105
490 294 32
490 376 327
490 449 140
491 110 420
491 111 421
491 152 338
491 153 339
491 244 91
491 284 105
491 295 439
491 296 438
491 317 174
492 244 92
492 297 264
492 317 173
493 200 315
493 201 316
493 249 110
493 297 263
493 328 111
494 189 29
494 249 109
494 329 111
494 382 58
494 383 57
495 189 28
495 211 418
495 408 485
495 458 484
495 459 485
496 28 320
496 55 390
496 56 391
496 208 267
496 211 417
496 409 485
496 496 200
497 28 321
497 69 202
497 145 223
497 209 267
497 495 200
498 68 202
498 145 224
498 233 340
498 234 339
498 282 367
498 346 270
498 478 309
499 173 23
499 174 24
499 282 366
499 347 270
499 478 310
